<?xml version="1.0" encoding="UTF-8"?>
<!-- Generated by org.testng.reporters.JUnitReportReporter -->
<testsuite hostname="DESKTOP-OOQF253" failures="0" tests="1" name="Ecom.Automation_ECom" time="2.852" errors="0" timestamp="2022-10-10T00:25:29 IST" skipped="0">
  <testcase classname="Ecom.Automation_ECom" name="addToCart" time="2.852"/>
  <system-out/>
</testsuite> <!-- Ecom.Automation_ECom -->
