<?xml version="1.0" encoding="UTF-8"?>
<!-- Generated by org.testng.reporters.JUnitReportReporter -->
<testsuite hostname="DESKTOP-OOQF253" failures="0" tests="1" name="RequestandResponseBuilder.RequestAndResposeSpec" time="3.109" errors="0" timestamp="2022-10-10T19:49:25 IST" skipped="0">
  <testcase classname="RequestandResponseBuilder.RequestAndResposeSpec" name="builder" time="3.109"/>
  <system-out/>
</testsuite> <!-- RequestandResponseBuilder.RequestAndResposeSpec -->
