<?xml version="1.0" encoding="UTF-8"?>
<!-- Generated by org.testng.reporters.JUnitReportReporter -->
<testsuite hostname="DESKTOP-OOQF253" failures="0" tests="1" name="SerializationTest.SerializeJson" time="4.623" errors="0" timestamp="2022-10-02T16:27:09 IST" skipped="0">
  <testcase classname="SerializationTest.SerializeJson" name="serialization" time="4.623"/>
  <system-out/>
</testsuite> <!-- SerializationTest.SerializeJson -->
