<?xml version="1.0" encoding="UTF-8"?>
<!-- Generated by org.testng.reporters.JUnitReportReporter -->
<testsuite hostname="DESKTOP-OOQF253" failures="0" tests="1" name="rahulShettyAcademy.OAuthGetToken" time="3.990" errors="0" timestamp="2022-10-01T14:15:54 IST" skipped="0">
  <testcase classname="rahulShettyAcademy.OAuthGetToken" name="getToken" time="3.990"/>
  <system-out/>
</testsuite> <!-- rahulShettyAcademy.OAuthGetToken -->
