<?xml version="1.0" encoding="UTF-8"?>
<!-- Generated by org.testng.reporters.JUnitReportReporter -->
<testsuite hostname="DESKTOP-OOQF253" failures="0" tests="5" name="Program001.Task1" time="0.454" errors="0" timestamp="2022-09-25T22:08:34 IST" skipped="0">
  <testcase classname="Program001.Task1" name="copiesOfRPACourse" time="0.121"/>
  <system-out/>
  <testcase classname="Program001.Task1" name="printPurchaseAmount" time="0.021"/>
  <system-out/>
  <testcase classname="Program001.Task1" name="purchaseAmountValidation" time="0.151"/>
  <system-out/>
  <testcase classname="Program001.Task1" name="printAllCoursesTitlePrice" time="0.140"/>
  <system-out/>
  <testcase classname="Program001.Task1" name="printTitleOfFirstCourse" time="0.021"/>
  <system-out/>
</testsuite> <!-- Program001.Task1 -->
