<?xml version="1.0" encoding="UTF-8"?>
<!-- Generated by org.testng.reporters.JUnitReportReporter -->
<testsuite hostname="DESKTOP-OOQF253" failures="0" tests="1" name="Program001.DynamicJson" time="3.479" errors="0" timestamp="2022-09-26T13:24:29 IST" skipped="0">
  <testcase classname="Program001.DynamicJson" name="staticFileJson" time="3.479"/>
  <system-out/>
</testsuite> <!-- Program001.DynamicJson -->
