<?xml version="1.0" encoding="UTF-8"?>
<!-- Generated by org.testng.reporters.JUnitReportReporter -->
<testsuite hostname="DESKTOP-OOQF253" failures="0" tests="1" name="JIRA_RestAssured.JiraTest001" time="3.782" errors="0" timestamp="2022-09-27T17:24:04 IST" skipped="0">
  <testcase classname="JIRA_RestAssured.JiraTest001" name="loginComment" time="3.782"/>
  <system-out/>
</testsuite> <!-- JIRA_RestAssured.JiraTest001 -->
